<?xml version="1.0" encoding="UTF-8"?>
<!-- Generated by org.testng.reporters.JUnitReportReporter -->
<testsuite hostname="UnworldlySachin" name="testNG.DummyTest" tests="1" failures="0" timestamp="14 Sep 2017 17:24:06 GMT" time="28.035" errors="0">
  <testcase name="executeTestCases" time="28.035" classname="testNG.DummyTest"/>
</testsuite> <!-- testNG.DummyTest -->
