<?xml version="1.0" encoding="UTF-8"?>
<!-- Generated by org.testng.reporters.JUnitReportReporter -->
<testsuite hostname="UnworldlySachin" name="testNG.MainTest" tests="1" failures="0" timestamp="14 Sep 2017 18:54:22 GMT" time="186.566" errors="0">
  <testcase name="executeTestCases" time="186.566" classname="testNG.MainTest"/>
</testsuite> <!-- testNG.MainTest -->
